2025-08-01 08:55:34,368 [INFO] Activator:176 - 


2025-08-01 08:55:34,371 [INFO] Activator:177 - !SESSION log4j initialized
2025-08-01 08:55:38,518 [INFO] LogOutputStream:77 - [STDOUT_REDIRECT] 
2025-08-01 08:55:40,487 [INFO] ApplicationProperties:184 - Using Application install path: C:\ST\STM32CubeIDE_1.19.0\STM32CubeIDE\plugins\com.st.stm32cube.common.mx_6.15.0.202507011659
2025-08-01 08:55:40,506 [INFO] DbMcusXml:78 - Set database path to: C:\ST\STM32CubeIDE_1.19.0\STM32CubeIDE\plugins\com.st.stm32cube.common.mx_6.15.0.202507011659\\db\/mcu/
2025-08-01 08:55:40,507 [INFO] ApiDb:274 - Set plugin database path to: C:\ST\STM32CubeIDE_1.19.0\STM32CubeIDE\plugins\com.st.stm32cube.common.mx_6.15.0.202507011659\\db\/plugins/boardmanager/
2025-08-01 08:55:40,507 [WARN] ApiDb:259 - Overriding images path with different value:  => C:\ST\STM32CubeIDE_1.19.0\STM32CubeIDE\plugins\com.st.stm32cube.common.mx_6.15.0.202507011659\\db\/plugins/mcufinder/images/
2025-08-01 08:55:40,512 [INFO] ApiDb:250 - Set database path to: C:\Users\uemre\.stmcufinder\plugins\mcufinder//mcu/
2025-08-01 08:55:40,513 [INFO] DbMcusAds:125 - Set database path to: C:\Users\uemre\.stmcufinder\plugins\mcufinder//mcu/
2025-08-01 08:55:40,515 [INFO] CrossReferenceDbSqlite:203 - Set database path to: C:\Users\uemre\.stmcufinder\plugins\mcufinder//mcu/cs/
2025-08-01 08:55:40,612 [INFO] RulesReader:64 - Compatibility file has been processed (317 Rules)
2025-08-01 08:55:40,683 [INFO] DbMcusXml:78 - Set database path to: C:\ST\STM32CubeIDE_1.19.0\STM32CubeIDE\plugins\com.st.stm32cube.common.mx_6.15.0.202507011659\\db\/mcu/
2025-08-01 08:55:40,684 [INFO] ApiDb:274 - Set plugin database path to: C:\ST\STM32CubeIDE_1.19.0\STM32CubeIDE\plugins\com.st.stm32cube.common.mx_6.15.0.202507011659\\db\/plugins/boardmanager/
2025-08-01 08:55:40,684 [INFO] ApiDb:261 - Set plugin images path to: C:\ST\STM32CubeIDE_1.19.0\STM32CubeIDE\plugins\com.st.stm32cube.common.mx_6.15.0.202507011659\\db\/plugins/mcufinder/images/
2025-08-01 08:55:40,684 [WARN] DbFile:41 - Overriding database path with different value: C:\Users\uemre\.stmcufinder\plugins\mcufinder/ => C:\Users\uemre\.stmcufinder\plugins\mcufinder
2025-08-01 08:55:40,684 [INFO] ApiDb:250 - Set database path to: C:\Users\uemre\.stmcufinder\plugins\mcufinder//mcu/
2025-08-01 08:55:40,684 [WARN] DbFile:41 - Overriding database path with different value: C:\Users\uemre\.stmcufinder\plugins\mcufinder/ => C:\Users\uemre\.stmcufinder\plugins\mcufinder
2025-08-01 08:55:40,684 [INFO] DbMcusAds:125 - Set database path to: C:\Users\uemre\.stmcufinder\plugins\mcufinder//mcu/
2025-08-01 08:55:40,684 [WARN] DbFile:41 - Overriding database path with different value: C:\Users\uemre\.stmcufinder\plugins\mcufinder/ => C:\Users\uemre\.stmcufinder\plugins\mcufinder
2025-08-01 08:55:40,684 [WARN] DbFile:41 - Overriding database path with different value: C:\Users\uemre\.stmcufinder\plugins\mcufinder/ => C:\Users\uemre\.stmcufinder\plugins\mcufinder
2025-08-01 08:55:40,684 [INFO] CrossReferenceDbSqlite:203 - Set database path to: C:\Users\uemre\.stmcufinder\plugins\mcufinder//mcu/cs/
2025-08-01 08:55:40,746 [INFO] MainPanel:274 - HeapMemory: 268435456
2025-08-01 08:55:40,841 [INFO] DbMcusXml:78 - Set database path to: C:\ST\STM32CubeIDE_1.19.0\STM32CubeIDE\plugins\com.st.stm32cube.common.mx_6.15.0.202507011659\\db\/mcu/
2025-08-01 08:55:40,841 [INFO] ApiDb:274 - Set plugin database path to: C:\ST\STM32CubeIDE_1.19.0\STM32CubeIDE\plugins\com.st.stm32cube.common.mx_6.15.0.202507011659\\db\/plugins/boardmanager/
2025-08-01 08:55:40,841 [INFO] ApiDb:261 - Set plugin images path to: C:\ST\STM32CubeIDE_1.19.0\STM32CubeIDE\plugins\com.st.stm32cube.common.mx_6.15.0.202507011659\\db\/plugins/mcufinder/images/
2025-08-01 08:55:40,841 [WARN] DbFile:41 - Overriding database path with different value: C:\Users\uemre\.stmcufinder\plugins\mcufinder/ => C:\Users\uemre\.stmcufinder\plugins\mcufinder
2025-08-01 08:55:40,841 [INFO] ApiDb:250 - Set database path to: C:\Users\uemre\.stmcufinder\plugins\mcufinder//mcu/
2025-08-01 08:55:40,841 [WARN] DbFile:41 - Overriding database path with different value: C:\Users\uemre\.stmcufinder\plugins\mcufinder/ => C:\Users\uemre\.stmcufinder\plugins\mcufinder
2025-08-01 08:55:40,841 [INFO] DbMcusAds:125 - Set database path to: C:\Users\uemre\.stmcufinder\plugins\mcufinder//mcu/
2025-08-01 08:55:40,841 [WARN] DbFile:41 - Overriding database path with different value: C:\Users\uemre\.stmcufinder\plugins\mcufinder/ => C:\Users\uemre\.stmcufinder\plugins\mcufinder
2025-08-01 08:55:40,841 [WARN] DbFile:41 - Overriding database path with different value: C:\Users\uemre\.stmcufinder\plugins\mcufinder/ => C:\Users\uemre\.stmcufinder\plugins\mcufinder
2025-08-01 08:55:40,841 [INFO] CrossReferenceDbSqlite:203 - Set database path to: C:\Users\uemre\.stmcufinder\plugins\mcufinder//mcu/cs/
2025-08-01 08:55:40,855 [INFO] ApplicationProperties:184 - Using Application install path: C:\ST\STM32CubeIDE_1.19.0\STM32CubeIDE\plugins\com.st.stm32cube.common.mx_6.15.0.202507011659
2025-08-01 08:55:40,856 [INFO] PluginManage:196 - Search for loadable plugins [exclusion list=, ]
2025-08-01 08:55:40,857 [INFO] PluginManage:310 - Check plugin analytics
2025-08-01 08:55:41,004 [INFO] AnalyticsPlugin:253 - Accepted Software Licenses: STM32CubeMX.6.15.0
2025-08-01 08:55:41,005 [INFO] AnalyticsPlugin:255 - Accepted CMSIS Pack Licenses: 
2025-08-01 08:55:41,005 [INFO] AnalyticsPlugin:257 - Accepted Firmware Licenses: 
2025-08-01 08:55:41,007 [INFO] PluginManage:359 - Loaded plugin analytics (category:tool,tabindex:-1)
2025-08-01 08:55:41,007 [INFO] PluginManage:310 - Check plugin cadmodel
2025-08-01 08:55:41,014 [INFO] CADModel:105 - Init CAD model plugin
2025-08-01 08:55:41,015 [INFO] PluginManage:359 - Loaded plugin cadmodel (category:power,tabindex:5)
2025-08-01 08:55:41,015 [INFO] PluginManage:310 - Check plugin clock
2025-08-01 08:55:41,025 [INFO] PluginManage:359 - Loaded plugin clock (category:base,tabindex:2)
2025-08-01 08:55:41,025 [INFO] PluginManage:310 - Check plugin ddr
2025-08-01 08:55:41,027 [INFO] PluginManage:359 - Loaded plugin ddr (category:tool,tabindex:6)
2025-08-01 08:55:41,027 [INFO] PluginManage:310 - Check plugin filemanager
2025-08-01 08:55:41,152 [INFO] PluginManage:359 - Loaded plugin filemanager (category:base,tabindex:10)
2025-08-01 08:55:41,152 [INFO] PluginManage:310 - Check plugin ipmanager
2025-08-01 08:55:41,156 [INFO] PluginManage:359 - Loaded plugin ipmanager (category:base,tabindex:5)
2025-08-01 08:55:41,157 [INFO] PluginManage:310 - Check plugin lpbam
2025-08-01 08:55:41,164 [INFO] PluginManage:359 - Loaded plugin lpbam (category:base,tabindex:0)
2025-08-01 08:55:41,164 [INFO] PluginManage:310 - Check plugin memorymap
2025-08-01 08:55:41,175 [INFO] PluginManage:359 - Loaded plugin memorymap (category:base,tabindex:4)
2025-08-01 08:55:41,175 [INFO] PluginManage:310 - Check plugin pinoutandconfiguration
2025-08-01 08:55:41,183 [INFO] PluginManage:359 - Loaded plugin pinoutandconfiguration (category:base,tabindex:1)
2025-08-01 08:55:41,183 [INFO] PluginManage:310 - Check plugin pinoutconfig
2025-08-01 08:55:41,263 [WARN] SupportedApi:132 - Cannot load RTOS API schema: s4s-elt-must-match.1: The content of 'definitions' must match (annotation?, (simpleType | complexType)?, (unique | key | keyref)*)). A problem was found starting at: attribute.
2025-08-01 08:55:41,377 [INFO] PluginManage:359 - Loaded plugin pinoutconfig (category:base,tabindex:0)
2025-08-01 08:55:41,377 [INFO] PluginManage:310 - Check plugin power
2025-08-01 08:55:41,386 [INFO] PluginManage:359 - Loaded plugin power (category:power,tabindex:4)
2025-08-01 08:55:41,386 [INFO] PluginManage:310 - Check plugin projectmanager
2025-08-01 08:55:41,399 [INFO] PluginManage:359 - Loaded plugin projectmanager (category:projectmanager,tabindex:4)
2025-08-01 08:55:41,399 [INFO] PluginManage:310 - Check plugin rif
2025-08-01 08:55:41,409 [INFO] PluginManage:359 - Loaded plugin rif (category:base,tabindex:3)
2025-08-01 08:55:41,409 [INFO] PluginManage:310 - Check plugin thirdparty
2025-08-01 08:55:41,517 [INFO] PluginManage:359 - Loaded plugin thirdparty (category:base,tabindex:-1)
2025-08-01 08:55:41,517 [WARN] IntegrityCheckThread:84 - waiting for thirdparty lock release [integrity check]
2025-08-01 08:55:41,517 [INFO] PluginManage:310 - Check plugin tools
2025-08-01 08:55:41,517 [INFO] IntegrityCheckThread:86 - entering critical section [integrity check]
2025-08-01 08:55:41,517 [INFO] ThirdPartyUpdaterWithRetryManager:70 - Updater plugin not ready yet. [1/15]
2025-08-01 08:55:41,519 [INFO] PluginManage:359 - Loaded plugin tools (category:base,tabindex:7)
2025-08-01 08:55:41,519 [INFO] PluginManage:310 - Check plugin tutovideos
2025-08-01 08:55:41,688 [INFO] PluginManage:359 - Loaded plugin tutovideos (category:base,tabindex:-1)
2025-08-01 08:55:41,688 [INFO] PluginManage:310 - Check plugin updater
2025-08-01 08:55:41,705 [INFO] PluginManage:359 - Loaded plugin updater (category:base,tabindex:12)
2025-08-01 08:55:41,705 [INFO] PluginManage:310 - Check plugin userauth
2025-08-01 08:55:41,708 [INFO] UserAuth:118 - Init User Auth plugin
2025-08-01 08:55:41,708 [INFO] PluginManage:359 - Loaded plugin userauth (category:base,tabindex:14)
2025-08-01 08:55:41,709 [INFO] PluginManage:283 - PluginManage : Loaded plugins [18]
2025-08-01 08:55:41,871 [INFO] PinOutPanel:1589 - setPackage(No Configuration,No Configuration)
2025-08-01 08:55:41,933 [INFO] CADModel:165 - CPN selected for project level
2025-08-01 08:55:41,933 [INFO] CADModel:114 - Register for checkConnection events
2025-08-01 08:55:41,951 [INFO] IPUIPlugin:80 - create IPUIPlugin
2025-08-01 08:55:41,951 [INFO] PluginManager:220 - loadIPPluginJar : add adc
2025-08-01 08:55:41,953 [INFO] IPUIPlugin:80 - create IPUIPlugin
2025-08-01 08:55:41,953 [INFO] PluginManager:220 - loadIPPluginJar : add aes
2025-08-01 08:55:41,955 [INFO] IPUIPlugin:80 - create IPUIPlugin
2025-08-01 08:55:41,956 [INFO] PluginManager:220 - loadIPPluginJar : add can
2025-08-01 08:55:41,957 [INFO] IPUIPlugin:80 - create IPUIPlugin
2025-08-01 08:55:41,957 [INFO] PluginManager:220 - loadIPPluginJar : add comp
2025-08-01 08:55:41,958 [INFO] IPUIPlugin:80 - create IPUIPlugin
2025-08-01 08:55:41,959 [INFO] PluginManager:220 - loadIPPluginJar : add cryp
2025-08-01 08:55:41,962 [INFO] IPUIPlugin:80 - create IPUIPlugin
2025-08-01 08:55:41,962 [INFO] PluginManager:220 - loadIPPluginJar : add ddr_ctrl_phy
2025-08-01 08:55:41,964 [INFO] IPUIPlugin:80 - create IPUIPlugin
2025-08-01 08:55:41,964 [INFO] PluginManager:220 - loadIPPluginJar : add dfsdm
2025-08-01 08:55:41,969 [INFO] IPUIPlugin:80 - create IPUIPlugin
2025-08-01 08:55:41,969 [INFO] PluginManager:220 - loadIPPluginJar : add dma
2025-08-01 08:55:41,971 [INFO] IPUIPlugin:80 - create IPUIPlugin
2025-08-01 08:55:41,971 [INFO] PluginManager:220 - loadIPPluginJar : add dma3
2025-08-01 08:55:41,973 [INFO] IPUIPlugin:80 - create IPUIPlugin
2025-08-01 08:55:41,973 [INFO] PluginManager:220 - loadIPPluginJar : add extmemmanager
2025-08-01 08:55:41,974 [INFO] IPUIPlugin:80 - create IPUIPlugin
2025-08-01 08:55:41,974 [INFO] PluginManager:220 - loadIPPluginJar : add fatfs
2025-08-01 08:55:41,978 [INFO] IPUIPlugin:80 - create IPUIPlugin
2025-08-01 08:55:41,978 [INFO] PluginManager:220 - loadIPPluginJar : add fmc
2025-08-01 08:55:41,984 [INFO] IPUIPlugin:80 - create IPUIPlugin
2025-08-01 08:55:41,984 [INFO] PluginManager:220 - loadIPPluginJar : add freertos
2025-08-01 08:55:41,985 [INFO] IPUIPlugin:80 - create IPUIPlugin
2025-08-01 08:55:41,986 [INFO] PluginManager:220 - loadIPPluginJar : add genericplugin
2025-08-01 08:55:41,987 [INFO] IPUIPlugin:80 - create IPUIPlugin
2025-08-01 08:55:41,987 [INFO] PluginManager:220 - loadIPPluginJar : add gfxmmu
2025-08-01 08:55:41,991 [INFO] IPUIPlugin:80 - create IPUIPlugin
2025-08-01 08:55:41,991 [INFO] PluginManager:220 - loadIPPluginJar : add gic
2025-08-01 08:55:41,995 [INFO] IPUIPlugin:80 - create IPUIPlugin
2025-08-01 08:55:41,995 [INFO] PluginManager:220 - loadIPPluginJar : add gpio
2025-08-01 08:55:41,998 [INFO] IPUIPlugin:80 - create IPUIPlugin
2025-08-01 08:55:41,998 [INFO] PluginManager:220 - loadIPPluginJar : add gtzc
2025-08-01 08:55:42,000 [INFO] IPUIPlugin:80 - create IPUIPlugin
2025-08-01 08:55:42,000 [INFO] PluginManager:220 - loadIPPluginJar : add hash
2025-08-01 08:55:42,002 [INFO] IPUIPlugin:80 - create IPUIPlugin
2025-08-01 08:55:42,002 [INFO] PluginManager:220 - loadIPPluginJar : add i2c
2025-08-01 08:55:42,004 [INFO] IPUIPlugin:80 - create IPUIPlugin
2025-08-01 08:55:42,004 [INFO] PluginManager:220 - loadIPPluginJar : add i2s
2025-08-01 08:55:42,007 [INFO] IPUIPlugin:80 - create IPUIPlugin
2025-08-01 08:55:42,008 [INFO] PluginManager:220 - loadIPPluginJar : add i3c
2025-08-01 08:55:42,011 [INFO] IPUIPlugin:80 - create IPUIPlugin
2025-08-01 08:55:42,011 [INFO] PluginManager:220 - loadIPPluginJar : add ipddr
2025-08-01 08:55:42,016 [INFO] IPUIPlugin:80 - create IPUIPlugin
2025-08-01 08:55:42,016 [INFO] PluginManager:220 - loadIPPluginJar : add linkedlist
2025-08-01 08:55:42,019 [INFO] IPUIPlugin:80 - create IPUIPlugin
2025-08-01 08:55:42,019 [INFO] PluginManager:220 - loadIPPluginJar : add lorawan
2025-08-01 08:55:42,020 [INFO] IPUIPlugin:80 - create IPUIPlugin
2025-08-01 08:55:42,020 [INFO] PluginManager:220 - loadIPPluginJar : add ltdc
2025-08-01 08:55:42,025 [INFO] IPUIPlugin:80 - create IPUIPlugin
2025-08-01 08:55:42,025 [INFO] PluginManager:220 - loadIPPluginJar : add mdma
2025-08-01 08:55:42,028 [INFO] IPUIPlugin:80 - create IPUIPlugin
2025-08-01 08:55:42,028 [INFO] PluginManager:220 - loadIPPluginJar : add nvic
2025-08-01 08:55:42,030 [INFO] IPUIPlugin:80 - create IPUIPlugin
2025-08-01 08:55:42,030 [INFO] PluginManager:220 - loadIPPluginJar : add opamp
2025-08-01 08:55:42,032 [INFO] IPUIPlugin:80 - create IPUIPlugin
2025-08-01 08:55:42,032 [INFO] PluginManager:220 - loadIPPluginJar : add openamp
2025-08-01 08:55:42,034 [INFO] IPUIPlugin:80 - create IPUIPlugin
2025-08-01 08:55:42,034 [INFO] PluginManager:220 - loadIPPluginJar : add pdm2pcm
2025-08-01 08:55:42,038 [INFO] IPUIPlugin:80 - create IPUIPlugin
2025-08-01 08:55:42,040 [INFO] PluginManager:220 - loadIPPluginJar : add plateformsettings
2025-08-01 08:55:42,041 [INFO] IPUIPlugin:80 - create IPUIPlugin
2025-08-01 08:55:42,041 [INFO] PluginManager:220 - loadIPPluginJar : add quadspi
2025-08-01 08:55:42,042 [INFO] IPUIPlugin:80 - create IPUIPlugin
2025-08-01 08:55:42,043 [INFO] PluginManager:220 - loadIPPluginJar : add radio
2025-08-01 08:55:42,046 [INFO] IPUIPlugin:80 - create IPUIPlugin
2025-08-01 08:55:42,046 [INFO] PluginManager:220 - loadIPPluginJar : add resmgrutility
2025-08-01 08:55:42,048 [INFO] IPUIPlugin:80 - create IPUIPlugin
2025-08-01 08:55:42,048 [INFO] PluginManager:220 - loadIPPluginJar : add sai
2025-08-01 08:55:42,050 [INFO] IPUIPlugin:80 - create IPUIPlugin
2025-08-01 08:55:42,050 [INFO] PluginManager:220 - loadIPPluginJar : add spi
2025-08-01 08:55:42,054 [INFO] IPUIPlugin:80 - create IPUIPlugin
2025-08-01 08:55:42,054 [INFO] PluginManager:220 - loadIPPluginJar : add stm32_wpan
2025-08-01 08:55:42,055 [INFO] IPUIPlugin:80 - create IPUIPlugin
2025-08-01 08:55:42,055 [INFO] PluginManager:220 - loadIPPluginJar : add tim
2025-08-01 08:55:42,057 [INFO] IPUIPlugin:80 - create IPUIPlugin
2025-08-01 08:55:42,057 [INFO] PluginManager:220 - loadIPPluginJar : add touchsensing
2025-08-01 08:55:42,058 [INFO] IPUIPlugin:80 - create IPUIPlugin
2025-08-01 08:55:42,058 [INFO] PluginManager:220 - loadIPPluginJar : add tracer_emb
2025-08-01 08:55:42,059 [INFO] IPUIPlugin:80 - create IPUIPlugin
2025-08-01 08:55:42,060 [INFO] PluginManager:220 - loadIPPluginJar : add ts
2025-08-01 08:55:42,061 [INFO] IPUIPlugin:80 - create IPUIPlugin
2025-08-01 08:55:42,061 [INFO] PluginManager:220 - loadIPPluginJar : add tsc
2025-08-01 08:55:42,062 [INFO] IPUIPlugin:80 - create IPUIPlugin
2025-08-01 08:55:42,062 [INFO] PluginManager:220 - loadIPPluginJar : add ucpd
2025-08-01 08:55:42,064 [INFO] IPUIPlugin:80 - create IPUIPlugin
2025-08-01 08:55:42,064 [INFO] PluginManager:220 - loadIPPluginJar : add usart
2025-08-01 08:55:42,066 [INFO] IPUIPlugin:80 - create IPUIPlugin
2025-08-01 08:55:42,066 [INFO] PluginManager:220 - loadIPPluginJar : add usbx
2025-08-01 08:55:42,175 [FATAL] Updater:351 - Updater called before beeing initialized
2025-08-01 08:55:42,201 [INFO] RulesReader:64 - Compatibility file has been processed (317 Rules)
2025-08-01 08:55:42,211 [INFO] RulesReader:64 - Compatibility file has been processed (317 Rules)
2025-08-01 08:55:42,220 [INFO] CADModel:165 - CPN selected for project level
2025-08-01 08:55:42,220 [INFO] CADModel:114 - Register for checkConnection events
2025-08-01 08:55:42,220 [FATAL] Updater:351 - Updater called before beeing initialized
2025-08-01 08:55:42,220 [ERROR] CADModel:125 - Updater not yet initialized, retry later 
2025-08-01 08:55:42,338 [FATAL] Updater:351 - Updater called before beeing initialized
2025-08-01 08:55:42,340 [INFO] CADModel:165 - CPN selected for project level
2025-08-01 08:55:42,340 [INFO] CADModel:114 - Register for checkConnection events
2025-08-01 08:55:42,340 [FATAL] Updater:351 - Updater called before beeing initialized
2025-08-01 08:55:42,340 [ERROR] CADModel:125 - Updater not yet initialized, retry later 
2025-08-01 08:55:42,343 [FATAL] Updater:351 - Updater called before beeing initialized
2025-08-01 08:55:42,433 [FATAL] Updater:351 - Updater called before beeing initialized
2025-08-01 08:55:42,436 [INFO] DbMcusAds:53 - JSON generation date=Tue Jul 08 11:14:23 TRT 2025 (1751962463562)
2025-08-01 08:55:42,436 [FATAL] Updater:351 - Updater called before beeing initialized
2025-08-01 08:55:42,473 [WARN] DetailPanel:346 - Failed to get advertising image, set to default
2025-08-01 08:55:42,530 [FATAL] Updater:351 - Updater called before beeing initialized
2025-08-01 08:55:42,531 [FATAL] Updater:351 - Updater called before beeing initialized
2025-08-01 08:55:42,531 [FATAL] Updater:351 - Updater called before beeing initialized
2025-08-01 08:55:42,531 [WARN] DetailPanel:346 - Failed to get advertising image, set to default
2025-08-01 08:55:42,532 [FATAL] Updater:351 - Updater called before beeing initialized
2025-08-01 08:55:42,561 [ERROR] Updater:1198 - MainUpdater not yet initialized. External WinMGr cannot be set.
2025-08-01 08:55:42,563 [INFO] Updater:1134 - Updater Version found : 6.15.0
2025-08-01 08:55:42,576 [INFO] ApplicationProperties:184 - Using Application install path: C:\ST\STM32CubeIDE_1.19.0\STM32CubeIDE\plugins\com.st.stm32cube.common.mx_6.15.0.202507011659
2025-08-01 08:55:44,143 [ERROR] LogOutputStream:75 - [STDERR_REDIRECT] Aug 01, 2025 8:55:44 AM java.util.prefs.WindowsPreferences <init>
2025-08-01 08:55:44,144 [ERROR] LogOutputStream:75 - [STDERR_REDIRECT] WARNING: Could not open/create prefs root node Software\JavaSoft\Prefs at root 0xffffffff80000002. Windows RegCreateKeyEx(...) returned error code 5.
2025-08-01 08:55:44,144 [ERROR] LogOutputStream:75 - [STDERR_REDIRECT] 
2025-08-01 08:55:44,394 [INFO] MainUpdater:2872 - connection check result : 10
2025-08-01 08:55:44,394 [INFO] MainUpdater:289 - Updater Check For Update Now.
2025-08-01 08:55:44,394 [INFO] MicroXplorer:498 - Change Database Version : DB.6.0.150
2025-08-01 08:55:44,402 [INFO] McuFinderGlobals:63 - Set McuFinder mode to 2 (CubeIDE integrated)
2025-08-01 08:55:44,403 [INFO] UserAuth:171 - activating auth plugin
2025-08-01 08:55:44,405 [INFO] UserAuth:487 - Internet connection configuration mode: 1
2025-08-01 08:55:44,426 [INFO] JxBrowserEngine:152 - Initiate JxBrowser Engine with user profile folder
2025-08-01 08:55:44,518 [WARN] MainUpdater:1193 - Updater busy. Cannot search thirdparties
2025-08-01 08:55:44,518 [INFO] ThirdPartyUpdaterWithRetryManager:96 - Updater plugin is busy. [1/15]
2025-08-01 08:55:44,558 [INFO] CheckServerUpdateThread:120 - End of CheckServer Thread
2025-08-01 08:55:46,060 [INFO] WebApp:169 - Instantiating new browser for Auth
2025-08-01 08:55:46,859 [INFO] WebApp:463 - Apply proxy settings
2025-08-01 08:55:46,859 [INFO] WebApp:548 - Chromium requires no authentication
2025-08-01 08:55:46,897 [INFO] WebApp:491 - Direct internet connection detected
2025-08-01 08:55:46,972 [INFO] WebApp:900 - Register for checkConnection events
2025-08-01 08:55:46,972 [INFO] WebApp:463 - Apply proxy settings
2025-08-01 08:55:46,973 [INFO] WebApp:548 - Chromium requires no authentication
2025-08-01 08:55:46,973 [INFO] WebApp:491 - Direct internet connection detected
2025-08-01 08:55:47,239 [INFO] WebApp:191 - Connection restablished
2025-08-01 08:55:47,316 [INFO] WebApp:225 - Starting web application
2025-08-01 08:55:47,316 [INFO] WebApp:593 - Web application path used C:\ST\STM32CubeIDE_1.19.0\STM32CubeIDE\plugins\com.st.stm32cube.common.mx_6.15.0.202507011659\db\plugins\mcufinder\reactClient1\index.html
2025-08-01 08:55:47,803 [WARN] PackLoader:240 - Cannot read IP mode file for STMicroelectronics.FP-SNS-MOTENVWB1.1.4.0
2025-08-01 08:55:47,812 [WARN] PackLoader:240 - Cannot read IP mode file for STMicroelectronics.FP-ATR-ASTRA1.2.0.2
2025-08-01 08:55:47,821 [WARN] PackLoader:240 - Cannot read IP mode file for STMicroelectronics.X-CUBE-SMBUS.2.1.0
2025-08-01 08:55:47,828 [WARN] PackLoader:240 - Cannot read IP mode file for STMicroelectronics.X-CUBE-ST60.1.0.0
2025-08-01 08:55:47,871 [WARN] PackLoader:240 - Cannot read IP mode file for STMicroelectronics.X-CUBE-AZRTOS-F7.1.1.0
2025-08-01 08:55:47,905 [WARN] PackLoader:240 - Cannot read IP mode file for Infineon.AIROC-Wi-Fi-Bluetooth-STM32.1.7.1
2025-08-01 08:55:47,940 [WARN] PackLoader:240 - Cannot read IP mode file for STMicroelectronics.X-CUBE-AZRTOS-H7.3.4.0
2025-08-01 08:55:47,953 [WARN] PackLoader:240 - Cannot read IP mode file for STMicroelectronics.X-CUBE-DISPLAY.3.0.0
2025-08-01 08:55:47,970 [WARN] PackLoader:240 - Cannot read IP mode file for STMicroelectronics.X-CUBE-NFC10.1.0.0
2025-08-01 08:55:47,980 [WARN] PackLoader:240 - Cannot read IP mode file for emotas.I-CUBE-CANOPEN.1.3.0
2025-08-01 08:55:47,986 [WARN] PackLoader:240 - Cannot read IP mode file for STMicroelectronics.FP-SNS-SMARTAG2.1.2.0
2025-08-01 08:55:47,990 [WARN] PackLoader:240 - Cannot read IP mode file for STMicroelectronics.FP-SNS-FLIGHT1.5.1.0
2025-08-01 08:55:47,997 [INFO] LogOutputStream:77 - [STDOUT_REDIRECT] 1 : Invalid condition id : UX_CORESTACK_Condition cause : null
2025-08-01 08:55:47,997 [INFO] LogOutputStream:77 - [STDOUT_REDIRECT] 1 : Invalid condition id : UX_CORESTACK_Condition cause : null
2025-08-01 08:55:47,999 [INFO] LogOutputStream:77 - [STDOUT_REDIRECT] 1 : Invalid condition id : UX_CORESTACK_Condition cause : null
2025-08-01 08:55:47,999 [INFO] LogOutputStream:77 - [STDOUT_REDIRECT] 1 : Invalid condition id : UX_CORESTACK_Condition cause : null
2025-08-01 08:55:48,000 [INFO] LogOutputStream:77 - [STDOUT_REDIRECT] 1 : Invalid condition id : UX_CORESTACK_Condition cause : null
2025-08-01 08:55:48,011 [WARN] PackLoader:240 - Cannot read IP mode file for STMicroelectronics.X-CUBE-AZRTOS-WL.2.0.0
2025-08-01 08:55:48,016 [WARN] PackLoader:240 - Cannot read IP mode file for STMicroelectronics.FP-SNS-MOTENV1.5.0.0
2025-08-01 08:55:48,025 [WARN] PackLoader:240 - Cannot read IP mode file for WES.I-CUBE-Cesium.1.3.0
2025-08-01 08:55:48,031 [WARN] PackLoader:240 - Cannot read IP mode file for STMicroelectronics.X-CUBE-BLE2.3.3.0
2025-08-01 08:55:48,038 [WARN] PackLoader:240 - Cannot read IP mode file for STMicroelectronics.X-CUBE-NFC9.1.0.0
2025-08-01 08:55:48,055 [WARN] PackLoader:240 - Cannot read IP mode file for wolfSSL.I-CUBE-wolfSSL.5.8.2
2025-08-01 08:55:48,062 [WARN] PackLoader:240 - Cannot read IP mode file for STMicroelectronics.X-CUBE-BLE1.7.1.0
2025-08-01 08:55:48,068 [WARN] PackLoader:240 - Cannot read IP mode file for wolfSSL.I-CUBE-wolfMQTT.1.19.2
2025-08-01 08:55:48,074 [WARN] PackLoader:240 - Cannot read IP mode file for STMicroelectronics.X-CUBE-EEPRMA1.5.2.0
2025-08-01 08:55:48,081 [WARN] PackLoader:240 - Cannot read IP mode file for STMicroelectronics.X-CUBE-AI.10.1.0
2025-08-01 08:55:48,092 [WARN] PackLoader:240 - Cannot read IP mode file for STMicroelectronics.X-CUBE-AZRTOS-G0.1.1.0
2025-08-01 08:55:48,099 [WARN] PackLoader:240 - Cannot read IP mode file for STMicroelectronics.X-CUBE-SAFEA1.1.2.2
2025-08-01 08:55:48,109 [WARN] PackLoader:240 - Cannot read IP mode file for STMicroelectronics.X-CUBE-NFC4.3.0.0
2025-08-01 08:55:48,116 [WARN] PackLoader:240 - Cannot read IP mode file for EmbeddedOffice.I-CUBE-FS-RTOS.1.0.1
2025-08-01 08:55:48,122 [WARN] PackLoader:240 - Cannot read IP mode file for STMicroelectronics.X-CUBE-WB05N.2.0.0
2025-08-01 08:55:48,126 [WARN] PackLoader:240 - Cannot read IP mode file for wolfSSL.I-CUBE-wolfTPM.3.8.0
2025-08-01 08:55:48,133 [WARN] PackLoader:240 - Cannot read IP mode file for STMicroelectronics.X-CUBE-TCPP.4.2.0
2025-08-01 08:55:48,140 [WARN] PackLoader:240 - Cannot read IP mode file for RealThread.X-CUBE-RT-Thread_Nano.4.1.1
2025-08-01 08:55:48,145 [WARN] PackLoader:240 - Cannot read IP mode file for STMicroelectronics.FP-ATR-SIGFOX1.3.2.0
2025-08-01 08:55:48,151 [WARN] PackLoader:240 - Cannot read IP mode file for ITTIA_DB.I-CUBE-ITTIADB.8.9.0
2025-08-01 08:55:48,156 [WARN] PackLoader:240 - Cannot read IP mode file for STMicroelectronics.X-CUBE-ST67W61.1.0.0
2025-08-01 08:55:48,182 [WARN] PackLoader:240 - Cannot read IP mode file for SEGGER.I-CUBE-embOS.1.3.1
2025-08-01 08:55:48,230 [WARN] PackLoader:240 - Cannot read IP mode file for STMicroelectronics.X-CUBE-ALGOBUILD.1.4.0
2025-08-01 08:55:48,297 [WARN] PackLoader:240 - Cannot read IP mode file for STMicroelectronics.X-CUBE-MEMS1.11.3.0
2025-08-01 08:55:48,485 [WARN] PackLoader:240 - Cannot read IP mode file for STMicroelectronics.X-CUBE-PM33A1.1.0.0
2025-08-01 08:55:48,502 [WARN] PackLoader:240 - Cannot read IP mode file for STMicroelectronics.X-CUBE-AZRTOS-F4.1.1.0
2025-08-01 08:55:48,509 [WARN] PackLoader:240 - Cannot read IP mode file for Avnet-IotConnect.X-CUBE-IoTC-DA16k-PMOD.1.0.0
2025-08-01 08:55:48,514 [WARN] PackLoader:240 - Cannot read IP mode file for STMicroelectronics.X-CUBE-ISPU.2.1.0
2025-08-01 08:55:48,522 [WARN] PackLoader:240 - Cannot read IP mode file for STMicroelectronics.X-CUBE-NFC12.1.0.0
2025-08-01 08:55:48,538 [WARN] PackLoader:240 - Cannot read IP mode file for STMicroelectronics.X-CUBE-AZRTOS-L5.2.0.0
2025-08-01 08:55:48,547 [WARN] PackLoader:240 - Cannot read IP mode file for STMicroelectronics.X-CUBE-NFC6.3.1.0
2025-08-01 08:55:48,554 [WARN] PackLoader:240 - Cannot read IP mode file for STMicroelectronics.X-CUBE-FREERTOS.1.3.1
2025-08-01 08:55:48,559 [WARN] PackLoader:240 - Cannot read IP mode file for STMicroelectronics.FP-SNS-STAIOTCFT.1.0.0
2025-08-01 08:55:48,564 [WARN] PackLoader:240 - Cannot read IP mode file for STMicroelectronics.X-CUBE-DPower.1.3.0
2025-08-01 08:55:48,577 [WARN] ConditionMgr:438 - getConditionDescription Invalid condition id : LAN8742 Phy interface Condition cause : null
2025-08-01 08:55:48,578 [WARN] PackLoader:240 - Cannot read IP mode file for STMicroelectronics.X-CUBE-AZRTOS-L4.2.0.0
2025-08-01 08:55:48,579 [WARN] ConditionMgr:1044 - genDependencies : Invalid condition id : LAN8742 Phy interface Condition cause : null
2025-08-01 08:55:48,579 [WARN] ConditionMgr:1044 - genDependencies : Invalid condition id : LAN8742 Phy interface Condition cause : null
2025-08-01 08:55:48,579 [WARN] ConditionMgr:1044 - genDependencies : Invalid condition id : LAN8742 Phy interface Condition cause : null
2025-08-01 08:55:48,586 [WARN] PackLoader:240 - Cannot read IP mode file for STMicroelectronics.X-CUBE-SFXS2LP1.4.0.0
2025-08-01 08:55:48,596 [WARN] PackLoader:240 - Cannot read IP mode file for STMicroelectronics.X-CUBE-BLEMGR.4.1.0
2025-08-01 08:55:48,610 [WARN] ConditionMgr:438 - getConditionDescription Invalid condition id : UX DEVICE CLASS RTOS Condition cause : null
2025-08-01 08:55:48,610 [WARN] ConditionMgr:438 - getConditionDescription Invalid condition id : UX DEVICE CLASS RTOS Condition cause : null
2025-08-01 08:55:48,613 [WARN] PackLoader:240 - Cannot read IP mode file for STMicroelectronics.X-CUBE-AZRTOS-WB.2.0.0
2025-08-01 08:55:48,613 [WARN] ConditionMgr:1044 - genDependencies : Invalid condition id : UX DEVICE CLASS RTOS Condition cause : null
2025-08-01 08:55:48,613 [WARN] ConditionMgr:1044 - genDependencies : Invalid condition id : UX DEVICE CLASS RTOS Condition cause : null
2025-08-01 08:55:48,614 [WARN] ConditionMgr:1044 - genDependencies : Invalid condition id : UX DEVICE CLASS RTOS Condition cause : null
2025-08-01 08:55:48,614 [WARN] ConditionMgr:1044 - genDependencies : Invalid condition id : UX DEVICE CLASS RTOS Condition cause : null
2025-08-01 08:55:48,614 [WARN] ConditionMgr:1044 - genDependencies : Invalid condition id : UX DEVICE CLASS RTOS Condition cause : null
2025-08-01 08:55:48,622 [WARN] PackLoader:240 - Cannot read IP mode file for STMicroelectronics.X-CUBE-GNSS1.7.0.1
2025-08-01 08:55:48,630 [WARN] PackLoader:240 - Cannot read IP mode file for STMicroelectronics.X-CUBE-TOUCHGFX.4.25.0
2025-08-01 08:55:48,636 [WARN] PackLoader:240 - Cannot read IP mode file for STMicroelectronics.FP-SNS-STBOX1.2.0.0
2025-08-01 08:55:48,643 [WARN] ConditionMgr:438 - getConditionDescription Invalid condition id : Cortex-A Device cause : null
2025-08-01 08:55:48,656 [WARN] ConditionMgr:1044 - genDependencies : Invalid condition id : Cortex-A Device cause : null
2025-08-01 08:55:48,656 [WARN] ConditionMgr:1044 - genDependencies : Invalid condition id : Cortex-A Device cause : null
2025-08-01 08:55:48,657 [WARN] ConditionMgr:1044 - genDependencies : Invalid condition id : Cortex-A Device cause : null
2025-08-01 08:55:48,666 [WARN] PackLoader:240 - Cannot read IP mode file for STMicroelectronics.X-CUBE-SUBG2.5.0.0
2025-08-01 08:55:48,686 [WARN] PackLoader:240 - Cannot read IP mode file for STMicroelectronics.X-CUBE-AZRTOS-H7RS.1.1.0
2025-08-01 08:55:48,693 [WARN] PackLoader:240 - Cannot read IP mode file for Cesanta.I-CUBE-Mongoose.7.13.0
2025-08-01 08:55:48,703 [WARN] PackLoader:240 - Cannot read IP mode file for STMicroelectronics.X-CUBE-AZRTOS-G4.2.0.0
2025-08-01 08:55:48,708 [WARN] PackLoader:240 - Cannot read IP mode file for wolfSSL.I-CUBE-wolfSSH.1.4.20
2025-08-01 08:55:48,712 [WARN] PackLoader:240 - Cannot read IP mode file for STMicroelectronics.X-CUBE-NFC7.2.0.0
2025-08-01 08:55:48,728 [WARN] PackLoader:240 - Cannot read IP mode file for STMicroelectronics.X-CUBE-IPS.3.1.0
2025-08-01 08:55:48,747 [WARN] PackLoader:240 - Cannot read IP mode file for STMicroelectronics.X-CUBE-ALS.1.0.2
2025-08-01 08:55:48,753 [WARN] PackLoader:240 - Cannot read IP mode file for portGmbH.I-Cube-SoM-uGOAL.1.1.0
2025-08-01 08:55:48,764 [WARN] PackLoader:240 - Cannot read IP mode file for STMicroelectronics.X-CUBE-TOF1.3.4.3
2025-08-01 08:55:48,772 [INFO] ThirdParty:978 - Integrity check success = true
2025-08-01 08:55:48,772 [INFO] IntegrityCheckThread:100 - exiting critical section [integrity check]
2025-08-01 08:55:48,772 [INFO] IntegrityCheckThread:103 - End integrity checks thread
2025-08-01 09:20:46,218 [ERROR] LogOutputStream:75 - [STDERR_REDIRECT] 
