2025-08-11 09:16:43,608 [INFO] NvicIntPanel:101 - NVIC parent = com.st.microxplorer.plugins.ip.nvic.MultiNvicIntPanel[,0,0,0x0,invalid,layout=javax.swing.BoxLayout,alignmentX=0.0,alignmentY=0.0,border=,flags=9,maximumSize=,minimumSize=,preferredSize=]
2025-08-11 09:19:07,649 [INFO] UtilMem:75 - End SaveConfig() Used Memory: 427168968 Bytes (864026624)
2025-08-11 09:19:09,076 [INFO] UtilMem:75 - End SaveConfig() Used Memory: 512459808 Bytes (864026624)
2025-08-11 09:19:09,357 [INFO] UtilMem:75 - End SaveConfig() Used Memory: 587957280 Bytes (864026624)
2025-08-11 09:19:09,945 [INFO] BlockDiagram:2775 - set Specific Code input for plugin: SYS
2025-08-11 09:19:09,945 [INFO] BlockDiagram:2775 - set Specific Code input for plugin: ADC
2025-08-11 09:19:09,945 [INFO] BlockDiagram:2775 - set Specific Code input for plugin: RCC
2025-08-11 09:19:09,945 [INFO] BlockDiagram:2775 - set Specific Code input for plugin: RTC
2025-08-11 09:19:09,945 [INFO] BlockDiagram:2775 - set Specific Code input for plugin: NVIC
2025-08-11 09:19:09,946 [INFO] BlockDiagram:2775 - set Specific Code input for plugin: USART
2025-08-11 09:19:09,946 [INFO] BlockDiagram:2775 - set Specific Code input for plugin: USART
2025-08-11 09:19:09,946 [INFO] BlockDiagram:2775 - set Specific Code input for plugin: USB
2025-08-11 09:19:09,947 [INFO] BlockDiagram:2775 - set Specific Code input for plugin: GPIO
2025-08-11 09:19:09,948 [INFO] CodeGenerator:892 - code generatio: config db path: C:\ST\STM32CubeIDE_1.19.0\STM32CubeIDE\plugins\com.st.stm32cube.common.mx_6.15.0.202507011659\\db\
2025-08-11 09:19:10,064 [INFO] CodeEngine:265 - oldGeneratedFile, C:\Users\uemre\STM32CubeIDE\workspace_1.19.0\denem7\denem7\MXTmpFiles\license.tmp_save
2025-08-11 09:19:10,356 [INFO] CodeEngine:289 - Generated code: C:\Users\uemre\STM32CubeIDE\workspace_1.19.0\denem7\denem7\MXTmpFiles\license.tmp
2025-08-11 09:19:10,528 [INFO] CodeEngine:265 - oldGeneratedFile, C:\Users\uemre\STM32CubeIDE\workspace_1.19.0\denem7\denem7\Core\Src\gpio.c_save
2025-08-11 09:19:10,738 [INFO] CodeEngine:289 - Generated code: C:\Users\uemre\STM32CubeIDE\workspace_1.19.0\denem7\denem7\Core\Src\gpio.c
2025-08-11 09:19:10,755 [INFO] CodeEngine:265 - oldGeneratedFile, C:\Users\uemre\STM32CubeIDE\workspace_1.19.0\denem7\denem7\Core\Inc\gpio.h_save
2025-08-11 09:19:10,931 [INFO] CodeEngine:289 - Generated code: C:\Users\uemre\STM32CubeIDE\workspace_1.19.0\denem7\denem7\Core\Inc\gpio.h
2025-08-11 09:19:11,274 [INFO] CodeEngine:265 - oldGeneratedFile, C:\Users\uemre\STM32CubeIDE\workspace_1.19.0\denem7\denem7\Core\Src\adc.c_save
2025-08-11 09:19:11,414 [INFO] CodeEngine:289 - Generated code: C:\Users\uemre\STM32CubeIDE\workspace_1.19.0\denem7\denem7\Core\Src\adc.c
2025-08-11 09:19:11,420 [INFO] CodeEngine:265 - oldGeneratedFile, C:\Users\uemre\STM32CubeIDE\workspace_1.19.0\denem7\denem7\Core\Inc\adc.h_save
2025-08-11 09:19:11,469 [INFO] CodeEngine:289 - Generated code: C:\Users\uemre\STM32CubeIDE\workspace_1.19.0\denem7\denem7\Core\Inc\adc.h
2025-08-11 09:19:11,477 [INFO] CodeEngine:265 - oldGeneratedFile, C:\Users\uemre\STM32CubeIDE\workspace_1.19.0\denem7\denem7\Core\Src\rtc.c_save
2025-08-11 09:19:11,540 [INFO] CodeEngine:289 - Generated code: C:\Users\uemre\STM32CubeIDE\workspace_1.19.0\denem7\denem7\Core\Src\rtc.c
2025-08-11 09:19:11,545 [INFO] CodeEngine:265 - oldGeneratedFile, C:\Users\uemre\STM32CubeIDE\workspace_1.19.0\denem7\denem7\Core\Inc\rtc.h_save
2025-08-11 09:19:11,590 [INFO] CodeEngine:289 - Generated code: C:\Users\uemre\STM32CubeIDE\workspace_1.19.0\denem7\denem7\Core\Inc\rtc.h
2025-08-11 09:19:11,598 [INFO] CodeEngine:265 - oldGeneratedFile, C:\Users\uemre\STM32CubeIDE\workspace_1.19.0\denem7\denem7\Core\Src\usart.c_save
2025-08-11 09:19:11,671 [INFO] CodeEngine:289 - Generated code: C:\Users\uemre\STM32CubeIDE\workspace_1.19.0\denem7\denem7\Core\Src\usart.c
2025-08-11 09:19:11,676 [INFO] CodeEngine:265 - oldGeneratedFile, C:\Users\uemre\STM32CubeIDE\workspace_1.19.0\denem7\denem7\Core\Inc\usart.h_save
2025-08-11 09:19:11,722 [INFO] CodeEngine:289 - Generated code: C:\Users\uemre\STM32CubeIDE\workspace_1.19.0\denem7\denem7\Core\Inc\usart.h
2025-08-11 09:19:11,729 [INFO] CodeEngine:265 - oldGeneratedFile, C:\Users\uemre\STM32CubeIDE\workspace_1.19.0\denem7\denem7\Core\Src\usb.c_save
2025-08-11 09:19:11,802 [INFO] CodeEngine:289 - Generated code: C:\Users\uemre\STM32CubeIDE\workspace_1.19.0\denem7\denem7\Core\Src\usb.c
2025-08-11 09:19:11,807 [INFO] CodeEngine:265 - oldGeneratedFile, C:\Users\uemre\STM32CubeIDE\workspace_1.19.0\denem7\denem7\Core\Inc\usb.h_save
2025-08-11 09:19:11,852 [INFO] CodeEngine:289 - Generated code: C:\Users\uemre\STM32CubeIDE\workspace_1.19.0\denem7\denem7\Core\Inc\usb.h
2025-08-11 09:19:11,863 [INFO] CodeEngine:265 - oldGeneratedFile, C:\Users\uemre\STM32CubeIDE\workspace_1.19.0\denem7\denem7\Core\Src\stm32f3xx_it.c_save
2025-08-11 09:19:11,923 [INFO] CodeEngine:289 - Generated code: C:\Users\uemre\STM32CubeIDE\workspace_1.19.0\denem7\denem7\Core\Src\stm32f3xx_it.c
2025-08-11 09:19:11,928 [INFO] CodeEngine:265 - oldGeneratedFile, C:\Users\uemre\STM32CubeIDE\workspace_1.19.0\denem7\denem7\Core\Inc\stm32f3xx_it.h_save
2025-08-11 09:19:11,970 [INFO] CodeEngine:289 - Generated code: C:\Users\uemre\STM32CubeIDE\workspace_1.19.0\denem7\denem7\Core\Inc\stm32f3xx_it.h
2025-08-11 09:19:11,982 [INFO] CodeEngine:265 - oldGeneratedFile, C:\Users\uemre\STM32CubeIDE\workspace_1.19.0\denem7\denem7\Core\Src\stm32f3xx_hal_msp.c_save
2025-08-11 09:19:12,046 [INFO] CodeEngine:289 - Generated code: C:\Users\uemre\STM32CubeIDE\workspace_1.19.0\denem7\denem7\Core\Src\stm32f3xx_hal_msp.c
2025-08-11 09:19:12,050 [INFO] CodeEngine:265 - oldGeneratedFile, C:\Users\uemre\STM32CubeIDE\workspace_1.19.0\denem7\denem7\MXTmpFiles\system.tmp_save
2025-08-11 09:19:12,088 [INFO] CodeEngine:289 - Generated code: C:\Users\uemre\STM32CubeIDE\workspace_1.19.0\denem7\denem7\MXTmpFiles\system.tmp
2025-08-11 09:19:12,095 [INFO] CodeEngine:321 - oldGeneratedFile, C:\Users\uemre\STM32CubeIDE\workspace_1.19.0\denem7\denem7\Core\Inc\stm32f3xx_hal_conf.h_save
2025-08-11 09:19:12,139 [INFO] CodeEngine:345 - Generated code: C:\Users\uemre\STM32CubeIDE\workspace_1.19.0\denem7\denem7\Core\Inc\stm32f3xx_hal_conf.h
2025-08-11 09:19:12,171 [INFO] ApiDbMcu:532 - Load IP Config File for ADC1
2025-08-11 09:19:12,177 [INFO] ApiDbMcu:532 - Load IP Config File for RTC
2025-08-11 09:19:12,183 [INFO] ApiDbMcu:532 - Load IP Config File for USART2
2025-08-11 09:19:12,187 [INFO] ApiDbMcu:532 - Load IP Config File for USART3
2025-08-11 09:19:12,188 [INFO] ApiDbMcu:532 - Load IP Config File for USB
2025-08-11 09:19:12,191 [INFO] ApiDbMcu:532 - Load IP Config File for RCC
2025-08-11 09:19:12,200 [INFO] CodeEngine:265 - oldGeneratedFile, C:\Users\uemre\STM32CubeIDE\workspace_1.19.0\denem7\denem7\Core\Inc\main.h_save
2025-08-11 09:19:12,263 [INFO] CodeEngine:289 - Generated code: C:\Users\uemre\STM32CubeIDE\workspace_1.19.0\denem7\denem7\Core\Inc\main.h
2025-08-11 09:19:12,269 [INFO] CodeEngine:265 - oldGeneratedFile, C:\Users\uemre\STM32CubeIDE\workspace_1.19.0\denem7\denem7\Core\Src\main.c_save
2025-08-11 09:19:12,376 [INFO] CodeEngine:289 - Generated code: C:\Users\uemre\STM32CubeIDE\workspace_1.19.0\denem7\denem7\Core\Src\main.c
2025-08-11 09:19:12,641 [INFO] ProjectBuilder:3606 - Time for Copy HAL[1] : 133mS.
2025-08-11 09:19:12,646 [INFO] ProjectBuilder:5216 - Project Generator version: 4.7.0-B52
2025-08-11 09:19:12,708 [INFO] ConfigFileManager:1595 - The Die is : DIE446
2025-08-11 09:19:12,724 [INFO] ApiDbMcu:532 - Load IP Config File for FATFS
2025-08-11 09:19:12,727 [INFO] ApiDbMcu:532 - Load IP Config File for FREERTOS
2025-08-11 09:19:12,734 [INFO] ApiDbMcu:532 - Load IP Config File for TOUCHSENSING
2025-08-11 09:19:12,739 [INFO] ApiDbMcu:532 - Load IP Config File for USB_DEVICE
