2025-07-31 09:20:40,947 [INFO] ApplicationProperties:184 - Using Application install path: C:\ST\STM32CubeIDE_1.19.0\STM32CubeIDE\plugins\com.st.stm32cube.common.mx_6.15.0.202507011659
2025-07-31 09:20:41,003 [INFO] DbMcusXml:78 - Set database path to: C:\ST\STM32CubeIDE_1.19.0\STM32CubeIDE\plugins\com.st.stm32cube.common.mx_6.15.0.202507011659\\db\/mcu/
2025-07-31 09:20:41,004 [INFO] ApiDb:274 - Set plugin database path to: C:\ST\STM32CubeIDE_1.19.0\STM32CubeIDE\plugins\com.st.stm32cube.common.mx_6.15.0.202507011659\\db\/plugins/boardmanager/
2025-07-31 09:20:41,004 [WARN] ApiDb:259 - Overriding images path with different value:  => C:\ST\STM32CubeIDE_1.19.0\STM32CubeIDE\plugins\com.st.stm32cube.common.mx_6.15.0.202507011659\\db\/plugins/mcufinder/images/
2025-07-31 09:20:41,014 [INFO] ApiDb:250 - Set database path to: C:\Users\uemre\.stmcufinder\plugins\mcufinder//mcu/
2025-07-31 09:20:41,017 [INFO] DbMcusAds:125 - Set database path to: C:\Users\uemre\.stmcufinder\plugins\mcufinder//mcu/
2025-07-31 09:20:41,020 [INFO] CrossReferenceDbSqlite:203 - Set database path to: C:\Users\uemre\.stmcufinder\plugins\mcufinder//mcu/cs/
2025-07-31 09:20:41,190 [INFO] RulesReader:64 - Compatibility file has been processed (317 Rules)
2025-07-31 09:20:41,302 [INFO] DbMcusXml:78 - Set database path to: C:\ST\STM32CubeIDE_1.19.0\STM32CubeIDE\plugins\com.st.stm32cube.common.mx_6.15.0.202507011659\\db\/mcu/
2025-07-31 09:20:41,302 [INFO] ApiDb:274 - Set plugin database path to: C:\ST\STM32CubeIDE_1.19.0\STM32CubeIDE\plugins\com.st.stm32cube.common.mx_6.15.0.202507011659\\db\/plugins/boardmanager/
2025-07-31 09:20:41,302 [INFO] ApiDb:261 - Set plugin images path to: C:\ST\STM32CubeIDE_1.19.0\STM32CubeIDE\plugins\com.st.stm32cube.common.mx_6.15.0.202507011659\\db\/plugins/mcufinder/images/
2025-07-31 09:20:41,302 [WARN] DbFile:41 - Overriding database path with different value: C:\Users\uemre\.stmcufinder\plugins\mcufinder/ => C:\Users\uemre\.stmcufinder\plugins\mcufinder
2025-07-31 09:20:41,302 [INFO] ApiDb:250 - Set database path to: C:\Users\uemre\.stmcufinder\plugins\mcufinder//mcu/
2025-07-31 09:20:41,303 [WARN] DbFile:41 - Overriding database path with different value: C:\Users\uemre\.stmcufinder\plugins\mcufinder/ => C:\Users\uemre\.stmcufinder\plugins\mcufinder
2025-07-31 09:20:41,303 [INFO] DbMcusAds:125 - Set database path to: C:\Users\uemre\.stmcufinder\plugins\mcufinder//mcu/
2025-07-31 09:20:41,303 [WARN] DbFile:41 - Overriding database path with different value: C:\Users\uemre\.stmcufinder\plugins\mcufinder/ => C:\Users\uemre\.stmcufinder\plugins\mcufinder
2025-07-31 09:20:41,303 [WARN] DbFile:41 - Overriding database path with different value: C:\Users\uemre\.stmcufinder\plugins\mcufinder/ => C:\Users\uemre\.stmcufinder\plugins\mcufinder
2025-07-31 09:20:41,303 [INFO] CrossReferenceDbSqlite:203 - Set database path to: C:\Users\uemre\.stmcufinder\plugins\mcufinder//mcu/cs/
2025-07-31 09:20:41,414 [INFO] MainPanel:274 - HeapMemory: 268435456
2025-07-31 09:20:41,622 [INFO] DbMcusXml:78 - Set database path to: C:\ST\STM32CubeIDE_1.19.0\STM32CubeIDE\plugins\com.st.stm32cube.common.mx_6.15.0.202507011659\\db\/mcu/
2025-07-31 09:20:41,622 [INFO] ApiDb:274 - Set plugin database path to: C:\ST\STM32CubeIDE_1.19.0\STM32CubeIDE\plugins\com.st.stm32cube.common.mx_6.15.0.202507011659\\db\/plugins/boardmanager/
2025-07-31 09:20:41,623 [INFO] ApiDb:261 - Set plugin images path to: C:\ST\STM32CubeIDE_1.19.0\STM32CubeIDE\plugins\com.st.stm32cube.common.mx_6.15.0.202507011659\\db\/plugins/mcufinder/images/
2025-07-31 09:20:41,623 [WARN] DbFile:41 - Overriding database path with different value: C:\Users\uemre\.stmcufinder\plugins\mcufinder/ => C:\Users\uemre\.stmcufinder\plugins\mcufinder
2025-07-31 09:20:41,624 [INFO] ApiDb:250 - Set database path to: C:\Users\uemre\.stmcufinder\plugins\mcufinder//mcu/
2025-07-31 09:20:41,624 [WARN] DbFile:41 - Overriding database path with different value: C:\Users\uemre\.stmcufinder\plugins\mcufinder/ => C:\Users\uemre\.stmcufinder\plugins\mcufinder
2025-07-31 09:20:41,624 [INFO] DbMcusAds:125 - Set database path to: C:\Users\uemre\.stmcufinder\plugins\mcufinder//mcu/
2025-07-31 09:20:41,624 [WARN] DbFile:41 - Overriding database path with different value: C:\Users\uemre\.stmcufinder\plugins\mcufinder/ => C:\Users\uemre\.stmcufinder\plugins\mcufinder
2025-07-31 09:20:41,624 [WARN] DbFile:41 - Overriding database path with different value: C:\Users\uemre\.stmcufinder\plugins\mcufinder/ => C:\Users\uemre\.stmcufinder\plugins\mcufinder
2025-07-31 09:20:41,624 [INFO] CrossReferenceDbSqlite:203 - Set database path to: C:\Users\uemre\.stmcufinder\plugins\mcufinder//mcu/cs/
2025-07-31 09:20:41,655 [INFO] ApplicationProperties:184 - Using Application install path: C:\ST\STM32CubeIDE_1.19.0\STM32CubeIDE\plugins\com.st.stm32cube.common.mx_6.15.0.202507011659
2025-07-31 09:20:41,658 [INFO] PluginManage:196 - Search for loadable plugins [exclusion list=, ]
2025-07-31 09:20:41,663 [INFO] PluginManage:310 - Check plugin analytics
2025-07-31 09:20:42,032 [INFO] AnalyticsPlugin:253 - Accepted Software Licenses: STM32CubeMX.6.15.0
2025-07-31 09:20:42,032 [INFO] AnalyticsPlugin:255 - Accepted CMSIS Pack Licenses: 
2025-07-31 09:20:42,033 [INFO] AnalyticsPlugin:257 - Accepted Firmware Licenses: 
2025-07-31 09:20:42,038 [INFO] PluginManage:359 - Loaded plugin analytics (category:tool,tabindex:-1)
2025-07-31 09:20:42,039 [INFO] PluginManage:310 - Check plugin cadmodel
2025-07-31 09:20:42,051 [INFO] CADModel:105 - Init CAD model plugin
2025-07-31 09:20:42,051 [INFO] PluginManage:359 - Loaded plugin cadmodel (category:power,tabindex:5)
2025-07-31 09:20:42,052 [INFO] PluginManage:310 - Check plugin clock
2025-07-31 09:20:42,075 [INFO] PluginManage:359 - Loaded plugin clock (category:base,tabindex:2)
2025-07-31 09:20:42,075 [INFO] PluginManage:310 - Check plugin ddr
2025-07-31 09:20:42,081 [INFO] PluginManage:359 - Loaded plugin ddr (category:tool,tabindex:6)
2025-07-31 09:20:42,081 [INFO] PluginManage:310 - Check plugin filemanager
2025-07-31 09:20:42,356 [INFO] PluginManage:359 - Loaded plugin filemanager (category:base,tabindex:10)
2025-07-31 09:20:42,356 [INFO] PluginManage:310 - Check plugin ipmanager
2025-07-31 09:20:42,364 [INFO] PluginManage:359 - Loaded plugin ipmanager (category:base,tabindex:5)
2025-07-31 09:20:42,365 [INFO] PluginManage:310 - Check plugin lpbam
2025-07-31 09:20:42,377 [INFO] PluginManage:359 - Loaded plugin lpbam (category:base,tabindex:0)
2025-07-31 09:20:42,378 [INFO] PluginManage:310 - Check plugin memorymap
2025-07-31 09:20:42,398 [INFO] PluginManage:359 - Loaded plugin memorymap (category:base,tabindex:4)
2025-07-31 09:20:42,399 [INFO] PluginManage:310 - Check plugin pinoutandconfiguration
2025-07-31 09:20:42,410 [INFO] PluginManage:359 - Loaded plugin pinoutandconfiguration (category:base,tabindex:1)
2025-07-31 09:20:42,411 [INFO] PluginManage:310 - Check plugin pinoutconfig
2025-07-31 09:20:42,565 [WARN] SupportedApi:132 - Cannot load RTOS API schema: s4s-elt-must-match.1: The content of 'definitions' must match (annotation?, (simpleType | complexType)?, (unique | key | keyref)*)). A problem was found starting at: attribute.
2025-07-31 09:20:42,797 [INFO] PluginManage:359 - Loaded plugin pinoutconfig (category:base,tabindex:0)
2025-07-31 09:20:42,797 [INFO] PluginManage:310 - Check plugin power
2025-07-31 09:20:42,811 [INFO] PluginManage:359 - Loaded plugin power (category:power,tabindex:4)
2025-07-31 09:20:42,811 [INFO] PluginManage:310 - Check plugin projectmanager
2025-07-31 09:20:42,838 [INFO] PluginManage:359 - Loaded plugin projectmanager (category:projectmanager,tabindex:4)
2025-07-31 09:20:42,838 [INFO] PluginManage:310 - Check plugin rif
2025-07-31 09:20:42,850 [INFO] PluginManage:359 - Loaded plugin rif (category:base,tabindex:3)
2025-07-31 09:20:42,850 [INFO] PluginManage:310 - Check plugin thirdparty
2025-07-31 09:20:43,056 [WARN] IntegrityCheckThread:84 - waiting for thirdparty lock release [integrity check]
2025-07-31 09:20:43,057 [INFO] IntegrityCheckThread:86 - entering critical section [integrity check]
2025-07-31 09:20:43,057 [INFO] PluginManage:359 - Loaded plugin thirdparty (category:base,tabindex:-1)
2025-07-31 09:20:43,057 [INFO] PluginManage:310 - Check plugin tools
2025-07-31 09:20:43,057 [INFO] ThirdPartyUpdaterWithRetryManager:70 - Updater plugin not ready yet. [1/15]
2025-07-31 09:20:43,061 [INFO] PluginManage:359 - Loaded plugin tools (category:base,tabindex:7)
2025-07-31 09:20:43,061 [INFO] PluginManage:310 - Check plugin tutovideos
2025-07-31 09:20:43,338 [INFO] PluginManage:359 - Loaded plugin tutovideos (category:base,tabindex:-1)
2025-07-31 09:20:43,338 [INFO] PluginManage:310 - Check plugin updater
2025-07-31 09:20:43,400 [INFO] PluginManage:359 - Loaded plugin updater (category:base,tabindex:12)
2025-07-31 09:20:43,401 [INFO] PluginManage:310 - Check plugin userauth
2025-07-31 09:20:43,406 [INFO] UserAuth:118 - Init User Auth plugin
2025-07-31 09:20:43,407 [INFO] PluginManage:359 - Loaded plugin userauth (category:base,tabindex:14)
2025-07-31 09:20:43,408 [INFO] PluginManage:283 - PluginManage : Loaded plugins [18]
2025-07-31 09:20:43,721 [INFO] PinOutPanel:1589 - setPackage(No Configuration,No Configuration)
2025-07-31 09:20:43,815 [INFO] CADModel:165 - CPN selected for project level
2025-07-31 09:20:43,815 [INFO] CADModel:114 - Register for checkConnection events
2025-07-31 09:20:43,839 [INFO] IPUIPlugin:80 - create IPUIPlugin
2025-07-31 09:20:43,839 [INFO] PluginManager:220 - loadIPPluginJar : add adc
2025-07-31 09:20:43,843 [INFO] IPUIPlugin:80 - create IPUIPlugin
2025-07-31 09:20:43,843 [INFO] PluginManager:220 - loadIPPluginJar : add aes
2025-07-31 09:20:43,847 [INFO] IPUIPlugin:80 - create IPUIPlugin
2025-07-31 09:20:43,847 [INFO] PluginManager:220 - loadIPPluginJar : add can
2025-07-31 09:20:43,849 [INFO] IPUIPlugin:80 - create IPUIPlugin
2025-07-31 09:20:43,849 [INFO] PluginManager:220 - loadIPPluginJar : add comp
2025-07-31 09:20:43,852 [INFO] IPUIPlugin:80 - create IPUIPlugin
2025-07-31 09:20:43,852 [INFO] PluginManager:220 - loadIPPluginJar : add cryp
2025-07-31 09:20:43,857 [INFO] IPUIPlugin:80 - create IPUIPlugin
2025-07-31 09:20:43,857 [INFO] PluginManager:220 - loadIPPluginJar : add ddr_ctrl_phy
2025-07-31 09:20:43,860 [INFO] IPUIPlugin:80 - create IPUIPlugin
2025-07-31 09:20:43,860 [INFO] PluginManager:220 - loadIPPluginJar : add dfsdm
2025-07-31 09:20:43,868 [INFO] IPUIPlugin:80 - create IPUIPlugin
2025-07-31 09:20:43,868 [INFO] PluginManager:220 - loadIPPluginJar : add dma
2025-07-31 09:20:43,872 [INFO] IPUIPlugin:80 - create IPUIPlugin
2025-07-31 09:20:43,872 [INFO] PluginManager:220 - loadIPPluginJar : add dma3
2025-07-31 09:20:43,875 [INFO] IPUIPlugin:80 - create IPUIPlugin
2025-07-31 09:20:43,875 [INFO] PluginManager:220 - loadIPPluginJar : add extmemmanager
2025-07-31 09:20:43,877 [INFO] IPUIPlugin:80 - create IPUIPlugin
2025-07-31 09:20:43,877 [INFO] PluginManager:220 - loadIPPluginJar : add fatfs
2025-07-31 09:20:43,886 [INFO] IPUIPlugin:80 - create IPUIPlugin
2025-07-31 09:20:43,886 [INFO] PluginManager:220 - loadIPPluginJar : add fmc
2025-07-31 09:20:43,897 [INFO] IPUIPlugin:80 - create IPUIPlugin
2025-07-31 09:20:43,898 [INFO] PluginManager:220 - loadIPPluginJar : add freertos
2025-07-31 09:20:43,902 [INFO] IPUIPlugin:80 - create IPUIPlugin
2025-07-31 09:20:43,902 [INFO] PluginManager:220 - loadIPPluginJar : add genericplugin
2025-07-31 09:20:43,907 [INFO] IPUIPlugin:80 - create IPUIPlugin
2025-07-31 09:20:43,907 [INFO] PluginManager:220 - loadIPPluginJar : add gfxmmu
2025-07-31 09:20:43,915 [INFO] IPUIPlugin:80 - create IPUIPlugin
2025-07-31 09:20:43,915 [INFO] PluginManager:220 - loadIPPluginJar : add gic
2025-07-31 09:20:43,923 [INFO] IPUIPlugin:80 - create IPUIPlugin
2025-07-31 09:20:43,923 [INFO] PluginManager:220 - loadIPPluginJar : add gpio
2025-07-31 09:20:43,929 [INFO] IPUIPlugin:80 - create IPUIPlugin
2025-07-31 09:20:43,929 [INFO] PluginManager:220 - loadIPPluginJar : add gtzc
2025-07-31 09:20:43,933 [INFO] IPUIPlugin:80 - create IPUIPlugin
2025-07-31 09:20:43,933 [INFO] PluginManager:220 - loadIPPluginJar : add hash
2025-07-31 09:20:43,938 [INFO] IPUIPlugin:80 - create IPUIPlugin
2025-07-31 09:20:43,938 [INFO] PluginManager:220 - loadIPPluginJar : add i2c
2025-07-31 09:20:43,942 [INFO] IPUIPlugin:80 - create IPUIPlugin
2025-07-31 09:20:43,942 [INFO] PluginManager:220 - loadIPPluginJar : add i2s
2025-07-31 09:20:43,946 [INFO] IPUIPlugin:80 - create IPUIPlugin
2025-07-31 09:20:43,946 [INFO] PluginManager:220 - loadIPPluginJar : add i3c
2025-07-31 09:20:43,952 [INFO] IPUIPlugin:80 - create IPUIPlugin
2025-07-31 09:20:43,953 [INFO] PluginManager:220 - loadIPPluginJar : add ipddr
2025-07-31 09:20:43,964 [INFO] IPUIPlugin:80 - create IPUIPlugin
2025-07-31 09:20:43,965 [INFO] PluginManager:220 - loadIPPluginJar : add linkedlist
2025-07-31 09:20:43,972 [INFO] IPUIPlugin:80 - create IPUIPlugin
2025-07-31 09:20:43,972 [INFO] PluginManager:220 - loadIPPluginJar : add lorawan
2025-07-31 09:20:43,974 [INFO] IPUIPlugin:80 - create IPUIPlugin
2025-07-31 09:20:43,975 [INFO] PluginManager:220 - loadIPPluginJar : add ltdc
2025-07-31 09:20:43,983 [INFO] IPUIPlugin:80 - create IPUIPlugin
2025-07-31 09:20:43,984 [INFO] PluginManager:220 - loadIPPluginJar : add mdma
2025-07-31 09:20:43,989 [INFO] IPUIPlugin:80 - create IPUIPlugin
2025-07-31 09:20:43,990 [INFO] PluginManager:220 - loadIPPluginJar : add nvic
2025-07-31 09:20:43,994 [INFO] IPUIPlugin:80 - create IPUIPlugin
2025-07-31 09:20:43,994 [INFO] PluginManager:220 - loadIPPluginJar : add opamp
2025-07-31 09:20:44,002 [INFO] IPUIPlugin:80 - create IPUIPlugin
2025-07-31 09:20:44,002 [INFO] PluginManager:220 - loadIPPluginJar : add openamp
2025-07-31 09:20:44,008 [INFO] IPUIPlugin:80 - create IPUIPlugin
2025-07-31 09:20:44,008 [INFO] PluginManager:220 - loadIPPluginJar : add pdm2pcm
2025-07-31 09:20:44,018 [INFO] IPUIPlugin:80 - create IPUIPlugin
2025-07-31 09:20:44,022 [INFO] PluginManager:220 - loadIPPluginJar : add plateformsettings
2025-07-31 09:20:44,025 [INFO] IPUIPlugin:80 - create IPUIPlugin
2025-07-31 09:20:44,025 [INFO] PluginManager:220 - loadIPPluginJar : add quadspi
2025-07-31 09:20:44,030 [INFO] IPUIPlugin:80 - create IPUIPlugin
2025-07-31 09:20:44,031 [INFO] PluginManager:220 - loadIPPluginJar : add radio
2025-07-31 09:20:44,037 [INFO] IPUIPlugin:80 - create IPUIPlugin
2025-07-31 09:20:44,037 [INFO] PluginManager:220 - loadIPPluginJar : add resmgrutility
2025-07-31 09:20:44,041 [INFO] IPUIPlugin:80 - create IPUIPlugin
2025-07-31 09:20:44,041 [INFO] PluginManager:220 - loadIPPluginJar : add sai
2025-07-31 09:20:44,045 [INFO] IPUIPlugin:80 - create IPUIPlugin
2025-07-31 09:20:44,045 [INFO] PluginManager:220 - loadIPPluginJar : add spi
2025-07-31 09:20:44,053 [INFO] IPUIPlugin:80 - create IPUIPlugin
2025-07-31 09:20:44,053 [INFO] PluginManager:220 - loadIPPluginJar : add stm32_wpan
2025-07-31 09:20:44,056 [INFO] IPUIPlugin:80 - create IPUIPlugin
2025-07-31 09:20:44,056 [INFO] PluginManager:220 - loadIPPluginJar : add tim
2025-07-31 09:20:44,060 [INFO] IPUIPlugin:80 - create IPUIPlugin
2025-07-31 09:20:44,060 [INFO] PluginManager:220 - loadIPPluginJar : add touchsensing
2025-07-31 09:20:44,066 [INFO] IPUIPlugin:80 - create IPUIPlugin
2025-07-31 09:20:44,066 [INFO] PluginManager:220 - loadIPPluginJar : add tracer_emb
2025-07-31 09:20:44,069 [INFO] IPUIPlugin:80 - create IPUIPlugin
2025-07-31 09:20:44,069 [INFO] PluginManager:220 - loadIPPluginJar : add ts
2025-07-31 09:20:44,073 [INFO] IPUIPlugin:80 - create IPUIPlugin
2025-07-31 09:20:44,073 [INFO] PluginManager:220 - loadIPPluginJar : add tsc
2025-07-31 09:20:44,077 [INFO] IPUIPlugin:80 - create IPUIPlugin
2025-07-31 09:20:44,077 [INFO] PluginManager:220 - loadIPPluginJar : add ucpd
2025-07-31 09:20:44,082 [INFO] IPUIPlugin:80 - create IPUIPlugin
2025-07-31 09:20:44,082 [INFO] PluginManager:220 - loadIPPluginJar : add usart
2025-07-31 09:20:44,089 [INFO] IPUIPlugin:80 - create IPUIPlugin
2025-07-31 09:20:44,089 [INFO] PluginManager:220 - loadIPPluginJar : add usbx
2025-07-31 09:20:44,256 [FATAL] Updater:351 - Updater called before beeing initialized
2025-07-31 09:20:44,300 [INFO] RulesReader:64 - Compatibility file has been processed (317 Rules)
2025-07-31 09:20:44,322 [INFO] RulesReader:64 - Compatibility file has been processed (317 Rules)
2025-07-31 09:20:44,335 [INFO] CADModel:165 - CPN selected for project level
2025-07-31 09:20:44,336 [INFO] CADModel:114 - Register for checkConnection events
2025-07-31 09:20:44,336 [FATAL] Updater:351 - Updater called before beeing initialized
2025-07-31 09:20:44,336 [ERROR] CADModel:125 - Updater not yet initialized, retry later 
2025-07-31 09:20:44,551 [FATAL] Updater:351 - Updater called before beeing initialized
2025-07-31 09:20:44,557 [INFO] CADModel:165 - CPN selected for project level
2025-07-31 09:20:44,557 [INFO] CADModel:114 - Register for checkConnection events
2025-07-31 09:20:44,557 [FATAL] Updater:351 - Updater called before beeing initialized
2025-07-31 09:20:44,557 [ERROR] CADModel:125 - Updater not yet initialized, retry later 
2025-07-31 09:20:44,563 [FATAL] Updater:351 - Updater called before beeing initialized
2025-07-31 09:20:44,730 [FATAL] Updater:351 - Updater called before beeing initialized
2025-07-31 09:20:44,734 [INFO] DbMcusAds:53 - JSON generation date=Tue Jul 08 11:14:23 TRT 2025 (1751962463562)
2025-07-31 09:20:44,734 [FATAL] Updater:351 - Updater called before beeing initialized
2025-07-31 09:20:44,783 [WARN] DetailPanel:346 - Failed to get advertising image, set to default
2025-07-31 09:20:44,917 [FATAL] Updater:351 - Updater called before beeing initialized
2025-07-31 09:20:44,924 [FATAL] Updater:351 - Updater called before beeing initialized
2025-07-31 09:20:44,924 [FATAL] Updater:351 - Updater called before beeing initialized
2025-07-31 09:20:44,925 [WARN] DetailPanel:346 - Failed to get advertising image, set to default
2025-07-31 09:20:44,926 [FATAL] Updater:351 - Updater called before beeing initialized
2025-07-31 09:20:45,010 [ERROR] Updater:1198 - MainUpdater not yet initialized. External WinMGr cannot be set.
2025-07-31 09:20:45,013 [INFO] Updater:1134 - Updater Version found : 6.15.0
2025-07-31 09:20:45,042 [INFO] ApplicationProperties:184 - Using Application install path: C:\ST\STM32CubeIDE_1.19.0\STM32CubeIDE\plugins\com.st.stm32cube.common.mx_6.15.0.202507011659
2025-07-31 09:20:46,059 [INFO] ThirdPartyUpdaterWithRetryManager:70 - Updater plugin not ready yet. [2/15]
